<?xml version="1.0" encoding="UTF-8"?>
<testsuite xmlns:xsi="http://www.w3.org/2001/XMLSchema-instance" xsi:noNamespaceSchemaLocation="https://maven.apache.org/surefire/maven-surefire-plugin/xsd/surefire-test-report.xsd" version="3.0.2" name="com.codesolutions.pmt_backend.testRepository.InvitationRepositoryTest" time="4.271" tests="1" errors="0" skipped="0" failures="0">
  <properties>
[...]
</properties>
  <testcase name="testCreateAndFindInvitation" classname="com.codesolutions.pmt_backend.testRepository.InvitationRepositoryTest" time="0.22">
    <system-out><![CDATA[2025-04-17T22:33:00.506+02:00  INFO 2232 --- [pmt-backend] [           main] t.c.s.AnnotationConfigContextLoaderUtils : Could not detect default configuration classes for test class [com.codesolutions.pmt_backend.testRepository.InvitationRepositoryTest]: InvitationRepositoryTest does not declare any static, non-private, non-final, nested classes annotated with @Configuration.
2025-04-17T22:33:00.800+02:00  INFO 2232 --- [pmt-backend] [           main] .b.t.c.SpringBootTestContextBootstrapper : Found @SpringBootConfiguration com.codesolutions.pmt_backend.PmtBackendApplication for test class com.codesolutions.pmt_backend.testRepository.InvitationRepositoryTest

  .   ____          _            __ _ _
 /\\ / ___'_ __ _ _(_)_ __  __ _ \ \ \ \
( ( )\___ | '_ | '_| | '_ \/ _` | \ \ \ \
 \\/  ___)| |_)| | | | | || (_| |  ) ) ) )
  '  |____| .__|_| |_|_| |_\__, | / / / /
 =========|_|==============|___/=/_/_/_/

 :: Spring Boot ::                (v3.4.4)

2025-04-17T22:33:01.384+02:00  INFO 2232 --- [pmt-backend] [           main] c.c.p.t.InvitationRepositoryTest         : Starting InvitationRepositoryTest using Java 21.0.5 with PID 2232 (started by 33751 in C:\Users\33751\Desktop\projet\pmt-backend)
2025-04-17T22:33:01.385+02:00  INFO 2232 --- [pmt-backend] [           main] c.c.p.t.InvitationRepositoryTest         : No active profile set, falling back to 1 default profile: "default"
2025-04-17T22:33:02.054+02:00  INFO 2232 --- [pmt-backend] [           main] .s.d.r.c.RepositoryConfigurationDelegate : Bootstrapping Spring Data JPA repositories in DEFAULT mode.
2025-04-17T22:33:02.173+02:00  INFO 2232 --- [pmt-backend] [           main] .s.d.r.c.RepositoryConfigurationDelegate : Finished Spring Data repository scanning in 116 ms. Found 7 JPA repository interfaces.
2025-04-17T22:33:02.279+02:00  INFO 2232 --- [pmt-backend] [           main] beddedDataSourceBeanFactoryPostProcessor : Replacing 'dataSource' DataSource bean with embedded version
2025-04-17T22:33:02.484+02:00  INFO 2232 --- [pmt-backend] [           main] o.s.j.d.e.EmbeddedDatabaseFactory        : Starting embedded database: url='jdbc:h2:mem:2c74d0e4-cbe7-4616-8808-d3320c8ec98b;DB_CLOSE_DELAY=-1;DB_CLOSE_ON_EXIT=false', username='sa'
2025-04-17T22:33:02.618+02:00  INFO 2232 --- [pmt-backend] [           main] o.hibernate.jpa.internal.util.LogHelper  : HHH000204: Processing PersistenceUnitInfo [name: default]
2025-04-17T22:33:02.632+02:00  INFO 2232 --- [pmt-backend] [           main] o.h.c.internal.RegionFactoryInitiator    : HHH000026: Second-level cache disabled
2025-04-17T22:33:02.725+02:00  INFO 2232 --- [pmt-backend] [           main] o.s.o.j.p.SpringPersistenceUnitInfo      : No LoadTimeWeaver setup: ignoring JPA class transformer
2025-04-17T22:33:02.737+02:00  INFO 2232 --- [pmt-backend] [           main] org.hibernate.orm.connections.pooling    : HHH10001005: Database info:
	Database JDBC URL [Connecting through datasource 'org.springframework.jdbc.datasource.embedded.EmbeddedDatabaseFactory$EmbeddedDataSourceProxy@13ca6741']
	Database driver: undefined/unknown
	Database version: 2.3.232
	Autocommit mode: undefined/unknown
	Isolation level: undefined/unknown
	Minimum pool size: undefined/unknown
	Maximum pool size: undefined/unknown
2025-04-17T22:33:03.603+02:00  INFO 2232 --- [pmt-backend] [           main] o.h.e.t.j.p.i.JtaPlatformInitiator       : HHH000489: No JTA platform available (set 'hibernate.transaction.jta.platform' to enable JTA platform integration)
Hibernate: create table invitation (id bigint generated by default as identity, email varchar(255) not null, status varchar(20), token varchar(50) not null, invited_by bigint not null, project_id bigint not null, primary key (id))
Hibernate: create table project (id bigint generated by default as identity, description varchar(500), name varchar(255) not null, start_date date, primary key (id))
Hibernate: create table project_member (project_id bigint not null, role_id bigint not null, user_id bigint not null, primary key (project_id, user_id))
Hibernate: create table role (id bigint generated by default as identity, name varchar(20) not null, primary key (id))
Hibernate: create table task (id bigint generated by default as identity, description varchar(500), due_date date, name varchar(255) not null, priority integer, status varchar(20), assigned_to bigint, project_id bigint not null, primary key (id))
Hibernate: create table task_history (id bigint generated by default as identity, change_date timestamp(6), change_description varchar(500), task_id bigint not null, user_id bigint, primary key (id))
Hibernate: create table users (id bigint generated by default as identity, created_at timestamp(6), email varchar(255) not null, password varchar(255) not null, username varchar(255) not null, primary key (id))
Hibernate: alter table if exists role drop constraint if exists UK8sewwnpamngi6b1dwaa88askk
Hibernate: alter table if exists role add constraint UK8sewwnpamngi6b1dwaa88askk unique (name)
Hibernate: alter table if exists users drop constraint if exists UK6dotkott2kjsp8vw4d0m25fb7
Hibernate: alter table if exists users add constraint UK6dotkott2kjsp8vw4d0m25fb7 unique (email)
Hibernate: alter table if exists users drop constraint if exists UKr43af9ap4edm43mmtq01oddj6
Hibernate: alter table if exists users add constraint UKr43af9ap4edm43mmtq01oddj6 unique (username)
Hibernate: alter table if exists invitation add constraint FKkmwr6fsu3v92i3bsjrxoapttc foreign key (invited_by) references users
Hibernate: alter table if exists invitation add constraint FKrnqpgfqkk0oux4i1nw4jtoulf foreign key (project_id) references project
Hibernate: alter table if exists project_member add constraint FK103dwxad12nbaxtmnwus4eft2 foreign key (project_id) references project
Hibernate: alter table if exists project_member add constraint FKegrn7x42sjdb50soih6479m5d foreign key (role_id) references role
Hibernate: alter table if exists project_member add constraint FKmep5284pv47j2o523l14wyx4g foreign key (user_id) references users
Hibernate: alter table if exists task add constraint FK4amgamieqvrq9ej2wy2oe6878 foreign key (assigned_to) references users
Hibernate: alter table if exists task add constraint FKk8qrwowg31kx7hp93sru1pdqa foreign key (project_id) references project
Hibernate: alter table if exists task_history add constraint FKer57q2libi1e9njpj6faoxd2i foreign key (task_id) references task
Hibernate: alter table if exists task_history add constraint FKvws0ackho5jjqad4sfy8e0tk foreign key (user_id) references users
2025-04-17T22:33:03.856+02:00  INFO 2232 --- [pmt-backend] [           main] j.LocalContainerEntityManagerFactoryBean : Initialized JPA EntityManagerFactory for persistence unit 'default'
2025-04-17T22:33:04.520+02:00  INFO 2232 --- [pmt-backend] [           main] c.c.p.t.InvitationRepositoryTest         : Started InvitationRepositoryTest in 3.693 seconds (process running for 62.283)
Hibernate: insert into project (description,name,start_date,id) values (?,?,?,default)
Hibernate: insert into users (created_at,email,password,username,id) values (?,?,?,?,default)
Hibernate: insert into invitation (email,invited_by,project_id,status,token,id) values (?,?,?,?,?,default)
Hibernate: select i1_0.id,i1_0.email,i1_0.invited_by,i1_0.project_id,i1_0.status,i1_0.token from invitation i1_0 where i1_0.token=?
Hibernate: select i1_0.id,i1_0.email,i1_0.invited_by,i1_0.project_id,i1_0.status,i1_0.token from invitation i1_0 where i1_0.email=?
Hibernate: select i1_0.id,i1_0.email,i1_0.invited_by,i1_0.project_id,i1_0.status,i1_0.token from invitation i1_0 where i1_0.project_id=? and i1_0.email=?
]]></system-out>
  </testcase>
</testsuite>