<?xml version="1.0" encoding="UTF-8"?>
<testsuite xmlns:xsi="http://www.w3.org/2001/XMLSchema-instance" xsi:noNamespaceSchemaLocation="https://maven.apache.org/surefire/maven-surefire-plugin/xsd/surefire-test-report.xsd" version="3.0.2" name="com.codesolutions.pmt_backend.testController.TaskControllerTest" time="1.52" tests="2" errors="0" skipped="0" failures="0">
  <properties>
[...]
</properties>
  <testcase name="testUpdateTask" classname="com.codesolutions.pmt_backend.testController.TaskControllerTest" time="0.105">
    <system-out><![CDATA[2025-04-14T23:30:24.565+02:00  INFO 8968 --- [pmt-backend] [           main] t.c.s.AnnotationConfigContextLoaderUtils : Could not detect default configuration classes for test class [com.codesolutions.pmt_backend.testController.TaskControllerTest]: TaskControllerTest does not declare any static, non-private, non-final, nested classes annotated with @Configuration.
2025-04-14T23:30:24.613+02:00  INFO 8968 --- [pmt-backend] [           main] .b.t.c.SpringBootTestContextBootstrapper : Found @SpringBootConfiguration com.codesolutions.pmt_backend.PmtBackendApplication for test class com.codesolutions.pmt_backend.testController.TaskControllerTest

  .   ____          _            __ _ _
 /\\ / ___'_ __ _ _(_)_ __  __ _ \ \ \ \
( ( )\___ | '_ | '_| | '_ \/ _` | \ \ \ \
 \\/  ___)| |_)| | | | | || (_| |  ) ) ) )
  '  |____| .__|_| |_|_| |_\__, | / / / /
 =========|_|==============|___/=/_/_/_/

 :: Spring Boot ::                (v3.4.4)

2025-04-14T23:30:24.800+02:00  INFO 8968 --- [pmt-backend] [           main] c.c.p.testController.TaskControllerTest  : Starting TaskControllerTest using Java 21.0.5 with PID 8968 (started by 33751 in C:\Users\33751\Desktop\projet\pmt-backend)
2025-04-14T23:30:24.800+02:00  INFO 8968 --- [pmt-backend] [           main] c.c.p.testController.TaskControllerTest  : No active profile set, falling back to 1 default profile: "default"
2025-04-14T23:30:25.894+02:00  INFO 8968 --- [pmt-backend] [           main] o.s.b.t.m.w.SpringBootMockServletContext : Initializing Spring TestDispatcherServlet ''
2025-04-14T23:30:25.896+02:00  INFO 8968 --- [pmt-backend] [           main] o.s.t.web.servlet.TestDispatcherServlet  : Initializing Servlet ''
2025-04-14T23:30:25.898+02:00  INFO 8968 --- [pmt-backend] [           main] o.s.t.web.servlet.TestDispatcherServlet  : Completed initialization in 1 ms
2025-04-14T23:30:25.930+02:00  INFO 8968 --- [pmt-backend] [           main] c.c.p.testController.TaskControllerTest  : Started TaskControllerTest in 1.302 seconds (process running for 35.138)
]]></system-out>
  </testcase>
  <testcase name="testCreateTask" classname="com.codesolutions.pmt_backend.testController.TaskControllerTest" time="0.03"/>
</testsuite>